2019-11-19 18:49:19 WARNING (MainThread) [homeassistant.loader] You are using a custom integration for smartir which has not been tested by Home Assistant. This component might cause stability problems, be sure to disable it if you do experience issues with Home Assistant.
2019-11-19 18:49:19 WARNING (MainThread) [homeassistant.loader] You are using a custom integration for ourgroceries which has not been tested by Home Assistant. This component might cause stability problems, be sure to disable it if you do experience issues with Home Assistant.
2019-11-19 18:49:19 WARNING (MainThread) [homeassistant.loader] You are using a custom integration for hacs which has not been tested by Home Assistant. This component might cause stability problems, be sure to disable it if you do experience issues with Home Assistant.
2019-11-19 18:49:19 INFO (MainThread) [homeassistant.setup] Setup of domain logger took 0.0 seconds.
2019-11-19 18:49:19 INFO (MainThread) [homeassistant.setup] Setting up http
2019-11-19 18:49:19 INFO (MainThread) [homeassistant.setup] Setup of domain http took 0.0 seconds.
2019-11-19 18:49:19 INFO (MainThread) [homeassistant.setup] Setting up system_log
2019-11-19 18:49:19 INFO (MainThread) [homeassistant.setup] Setup of domain system_log took 0.0 seconds.
2019-11-19 18:49:20 INFO (MainThread) [homeassistant.setup] Setting up recorder
2019-11-19 18:49:20 INFO (MainThread) [homeassistant.setup] Setup of domain recorder took 0.1 seconds.
2019-11-19 18:49:20 INFO (SyncWorker_0) [homeassistant.loader] Loaded darksky from homeassistant.components.darksky
2019-11-19 18:49:20 INFO (MainThread) [homeassistant.setup] Setting up sun
2019-11-19 18:49:20 INFO (MainThread) [homeassistant.setup] Setup of domain sun took 0.0 seconds.
2019-11-19 18:49:20 INFO (MainThread) [homeassistant.setup] Setting up smartir
2019-11-19 18:49:20 INFO (MainThread) [homeassistant.setup] Setup of domain smartir took 0.3 seconds.
2019-11-19 18:49:20 INFO (MainThread) [homeassistant.setup] Setting up ssdp
2019-11-19 18:49:20 INFO (MainThread) [homeassistant.setup] Setup of domain ssdp took 0.0 seconds.
2019-11-19 18:49:20 INFO (MainThread) [homeassistant.setup] Setting up timer
2019-11-19 18:49:20 INFO (MainThread) [homeassistant.setup] Setting up zwave
2019-11-19 18:49:20 INFO (MainThread) [homeassistant.setup] Setup of domain zwave took 0.0 seconds.
2019-11-19 18:49:21 INFO (MainThread) [homeassistant.setup] Setting up shell_command
2019-11-19 18:49:21 INFO (MainThread) [homeassistant.setup] Setup of domain shell_command took 0.0 seconds.
2019-11-19 18:49:21 WARNING (MainThread) [homeassistant.loader] You are using a custom integration for heatmiserneo which has not been tested by Home Assistant. This component might cause stability problems, be sure to disable it if you do experience issues with Home Assistant.
2019-11-19 18:49:21 INFO (MainThread) [homeassistant.setup] Setting up climate
2019-11-19 18:49:21 INFO (MainThread) [homeassistant.setup] Setting up group
2019-11-19 18:49:21 INFO (MainThread) [homeassistant.setup] Setting up xiaomi_aqara
2019-11-19 18:49:21 INFO (MainThread) [homeassistant.setup] Setting up wake_on_lan
2019-11-19 18:49:21 INFO (MainThread) [homeassistant.setup] Setup of domain wake_on_lan took 0.0 seconds.
2019-11-19 18:49:21 INFO (MainThread) [homeassistant.setup] Setting up cast
2019-11-19 18:49:21 INFO (MainThread) [homeassistant.setup] Setup of domain cast took 0.0 seconds.
2019-11-19 18:49:21 INFO (MainThread) [homeassistant.setup] Setting up updater
2019-11-19 18:49:21 INFO (MainThread) [homeassistant.setup] Setup of domain updater took 0.0 seconds.
2019-11-19 18:49:21 INFO (MainThread) [homeassistant.setup] Setting up ourgroceries
2019-11-19 18:49:21 INFO (MainThread) [homeassistant.setup] Setting up esphome
2019-11-19 18:49:21 INFO (MainThread) [homeassistant.setup] Setup of domain esphome took 0.0 seconds.
2019-11-19 18:49:21 INFO (MainThread) [homeassistant.setup] Setting up person
2019-11-19 18:49:21 WARNING (MainThread) [homeassistant.loader] You are using a custom integration for bwalarm which has not been tested by Home Assistant. This component might cause stability problems, be sure to disable it if you do experience issues with Home Assistant.
2019-11-19 18:49:21 INFO (MainThread) [homeassistant.setup] Setting up alarm_control_panel
2019-11-19 18:49:21 INFO (MainThread) [homeassistant.setup] Setting up nest
2019-11-19 18:49:21 INFO (MainThread) [homeassistant.setup] Setup of domain nest took 0.0 seconds.
2019-11-19 18:49:21 INFO (SyncWorker_18) [nest.nest] Open data stream
2019-11-19 18:49:21 INFO (MainThread) [homeassistant.setup] Setting up input_boolean
2019-11-19 18:49:21 INFO (MainThread) [homeassistant.setup] Setting up input_select
2019-11-19 18:49:21 INFO (MainThread) [homeassistant.setup] Setting up lovelace
2019-11-19 18:49:21 INFO (MainThread) [homeassistant.setup] Setup of domain lovelace took 0.0 seconds.
2019-11-19 18:49:22 INFO (MainThread) [homeassistant.setup] Setting up discovery
2019-11-19 18:49:22 INFO (MainThread) [homeassistant.setup] Setup of domain discovery took 0.0 seconds.
2019-11-19 18:49:22 INFO (MainThread) [homeassistant.setup] Setting up influxdb
2019-11-19 18:49:22 INFO (MainThread) [homeassistant.setup] Setting up input_datetime
2019-11-19 18:49:22 INFO (MainThread) [homeassistant.setup] Setting up zone
2019-11-19 18:49:22 INFO (MainThread) [homeassistant.setup] Setup of domain zone took 0.0 seconds.
2019-11-19 18:49:22 INFO (MainThread) [homeassistant.setup] Setting up tuya
2019-11-19 18:49:22 INFO (MainThread) [homeassistant.setup] Setting up input_text
2019-11-19 18:49:22 INFO (MainThread) [homeassistant.setup] Setting up tplink
2019-11-19 18:49:22 INFO (MainThread) [homeassistant.setup] Setup of domain tplink took 0.0 seconds.
2019-11-19 18:49:22 INFO (MainThread) [homeassistant.setup] Setting up input_number
2019-11-19 18:49:22 INFO (MainThread) [homeassistant.components.alarm_control_panel] Setting up alarm_control_panel.bwalarm
2019-11-19 18:49:22 INFO (SyncWorker_0) [homeassistant.loader] Loaded template from homeassistant.components.template
2019-11-19 18:49:22 INFO (SyncWorker_19) [homeassistant.loader] Loaded binary_sensor from homeassistant.components.binary_sensor
2019-11-19 18:49:22 ERROR (SyncWorker_18) [homeassistant.components.nest] Connection error while access Nest web service: Authorization Failed
2019-11-19 18:49:22 INFO (MainThread) [custom_components.bwalarm.alarm_control_panel] [load_log] File /config/resources/bwalarm/bwalarm_log.json does not exist
2019-11-19 18:49:22 INFO (SyncWorker_6) [custom_components.heatmiserneo.climate] Thermostat Name: Kitchen 
2019-11-19 18:49:22 INFO (SyncWorker_6) [custom_components.heatmiserneo.climate] Thermostat Away Mode: False 
2019-11-19 18:49:22 INFO (SyncWorker_6) [custom_components.heatmiserneo.climate] Thermostat Current Temp: 17.6 
2019-11-19 18:49:22 INFO (SyncWorker_6) [custom_components.heatmiserneo.climate] Thermostat Set Temp: 20.0 
2019-11-19 18:49:22 WARNING (MainThread) [homeassistant.loader] You are using a custom integration for fcm-android which has not been tested by Home Assistant. This component might cause stability problems, be sure to disable it if you do experience issues with Home Assistant.
2019-11-19 18:49:22 INFO (SyncWorker_6) [custom_components.heatmiserneo.climate] Thermostat Unit Of Measurement: °C 
2019-11-19 18:49:22 INFO (MainThread) [homeassistant.loader] Loaded fcm-android from custom_components.fcm-android
2019-11-19 18:49:22 INFO (MainThread) [homeassistant.setup] Setting up notify
2019-11-19 18:49:22 INFO (MainThread) [homeassistant.setup] Setting up api
2019-11-19 18:49:22 INFO (MainThread) [homeassistant.setup] Setting up history
2019-11-19 18:49:22 INFO (MainThread) [homeassistant.setup] Setup of domain history took 0.0 seconds.
2019-11-19 18:49:22 INFO (MainThread) [homeassistant.setup] Setting up webhook
2019-11-19 18:49:22 INFO (MainThread) [homeassistant.setup] Setup of domain webhook took 0.0 seconds.
2019-11-19 18:49:22 INFO (MainThread) [homeassistant.setup] Setting up config
2019-11-19 18:49:22 INFO (MainThread) [homeassistant.setup] Setting up mqtt
2019-11-19 18:49:22 INFO (MainThread) [homeassistant.setup] Setup of domain mqtt took 0.0 seconds.
2019-11-19 18:49:22 INFO (MainThread) [homeassistant.setup] Setting up websocket_api
2019-11-19 18:49:22 INFO (MainThread) [homeassistant.setup] Setup of domain websocket_api took 0.0 seconds.
2019-11-19 18:49:22 INFO (MainThread) [homeassistant.components.notify] Setting up notify.fcm-android
2019-11-19 18:49:22 INFO (SyncWorker_5) [homeassistant.loader] Loaded google_translate from homeassistant.components.google_translate
2019-11-19 18:49:22 INFO (SyncWorker_6) [custom_components.heatmiserneo.climate] Thermostat Name: Office 
2019-11-19 18:49:22 INFO (SyncWorker_6) [custom_components.heatmiserneo.climate] Thermostat Away Mode: False 
2019-11-19 18:49:22 INFO (SyncWorker_6) [custom_components.heatmiserneo.climate] Thermostat Current Temp: 17.0 
2019-11-19 18:49:22 INFO (SyncWorker_6) [custom_components.heatmiserneo.climate] Thermostat Set Temp: 7.0 
2019-11-19 18:49:22 INFO (SyncWorker_6) [custom_components.heatmiserneo.climate] Thermostat Unit Of Measurement: °C 
2019-11-19 18:49:23 INFO (SyncWorker_6) [custom_components.heatmiserneo.climate] Thermostat Name: Vestibule 
2019-11-19 18:49:23 INFO (SyncWorker_6) [custom_components.heatmiserneo.climate] Thermostat Away Mode: False 
2019-11-19 18:49:23 INFO (SyncWorker_6) [custom_components.heatmiserneo.climate] Thermostat Current Temp: 14.0 
2019-11-19 18:49:23 INFO (SyncWorker_6) [custom_components.heatmiserneo.climate] Thermostat Set Temp: 20.0 
2019-11-19 18:49:23 INFO (SyncWorker_6) [custom_components.heatmiserneo.climate] Thermostat Unit Of Measurement: °C 
2019-11-19 18:49:23 INFO (MainThread) [homeassistant.setup] Setting up plex
2019-11-19 18:49:23 INFO (SyncWorker_2) [homeassistant.loader] Loaded kodi from homeassistant.components.kodi
2019-11-19 18:49:23 INFO (MainThread) [homeassistant.setup] Setting up auth
2019-11-19 18:49:23 INFO (MainThread) [homeassistant.setup] Setup of domain auth took 0.0 seconds.
2019-11-19 18:49:23 INFO (MainThread) [homeassistant.setup] Setting up system_health
2019-11-19 18:49:23 INFO (MainThread) [homeassistant.setup] Setup of domain system_health took 0.0 seconds.
2019-11-19 18:49:23 INFO (SyncWorker_0) [homeassistant.loader] Loaded lock from homeassistant.components.lock
2019-11-19 18:49:23 INFO (SyncWorker_3) [homeassistant.loader] Loaded cover from homeassistant.components.cover
2019-11-19 18:49:23 INFO (SyncWorker_8) [homeassistant.loader] Loaded yr from homeassistant.components.yr
2019-11-19 18:49:23 INFO (SyncWorker_4) [homeassistant.loader] Loaded fan from homeassistant.components.fan
2019-11-19 18:49:23 INFO (MainThread) [homeassistant.setup] Setting up binary_sensor
2019-11-19 18:49:23 INFO (MainThread) [homeassistant.setup] Setup of domain binary_sensor took 0.0 seconds.
2019-11-19 18:49:23 INFO (MainThread) [homeassistant.setup] Setup of domain api took 0.6 seconds.
2019-11-19 18:49:23 INFO (MainThread) [homeassistant.setup] Setup of domain influxdb took 1.3 seconds.
2019-11-19 18:49:23 DEBUG (MainThread) [homeassistant.components.mqtt] Subscribing to homeassistant/#
2019-11-19 18:49:23 INFO (MainThread) [homeassistant.setup] Setting up tts
2019-11-19 18:49:23 INFO (MainThread) [homeassistant.setup] Setup of domain plex took 0.1 seconds.
2019-11-19 18:49:23 INFO (SyncWorker_6) [custom_components.heatmiserneo.climate] Thermostat Name: Livingroom 
2019-11-19 18:49:23 INFO (SyncWorker_6) [custom_components.heatmiserneo.climate] Thermostat Away Mode: False 
2019-11-19 18:49:23 INFO (SyncWorker_6) [custom_components.heatmiserneo.climate] Thermostat Current Temp: 15.1 
2019-11-19 18:49:23 INFO (SyncWorker_6) [custom_components.heatmiserneo.climate] Thermostat Set Temp: 20.0 
2019-11-19 18:49:23 INFO (SyncWorker_6) [custom_components.heatmiserneo.climate] Thermostat Unit Of Measurement: °C 
2019-11-19 18:49:23 INFO (SyncWorker_16) [homeassistant.loader] Loaded panasonic_viera from homeassistant.components.panasonic_viera
2019-11-19 18:49:23 INFO (MainThread) [homeassistant.setup] Setting up device_automation
2019-11-19 18:49:23 INFO (MainThread) [homeassistant.setup] Setup of domain device_automation took 0.0 seconds.
2019-11-19 18:49:23 INFO (SyncWorker_6) [custom_components.heatmiserneo.climate] Thermostat Name: Bathroom 
2019-11-19 18:49:23 INFO (SyncWorker_6) [custom_components.heatmiserneo.climate] Thermostat Away Mode: False 
2019-11-19 18:49:23 INFO (SyncWorker_6) [custom_components.heatmiserneo.climate] Thermostat Current Temp: 16.0 
2019-11-19 18:49:23 INFO (SyncWorker_6) [custom_components.heatmiserneo.climate] Thermostat Set Temp: 5.0 
2019-11-19 18:49:23 INFO (SyncWorker_6) [custom_components.heatmiserneo.climate] Thermostat Unit Of Measurement: °C 
2019-11-19 18:49:23 INFO (MainThread) [homeassistant.setup] Setting up cloud
2019-11-19 18:49:23 INFO (SyncWorker_6) [custom_components.heatmiserneo.climate] Thermostat Name: Katrin 
2019-11-19 18:49:23 INFO (SyncWorker_6) [custom_components.heatmiserneo.climate] Thermostat Away Mode: False 
2019-11-19 18:49:23 INFO (SyncWorker_6) [custom_components.heatmiserneo.climate] Thermostat Current Temp: 15.7 
2019-11-19 18:49:23 INFO (SyncWorker_6) [custom_components.heatmiserneo.climate] Thermostat Set Temp: 7.0 
2019-11-19 18:49:23 INFO (SyncWorker_6) [custom_components.heatmiserneo.climate] Thermostat Unit Of Measurement: °C 
2019-11-19 18:49:24 INFO (MainThread) [homeassistant.setup] Setup of domain config took 1.3 seconds.
2019-11-19 18:49:24 INFO (MainThread) [homeassistant.setup] Setting up onboarding
2019-11-19 18:49:24 DEBUG (MainThread) [homeassistant.components.mqtt] Subscribing to homeassistant/#
2019-11-19 18:49:24 INFO (MainThread) [homeassistant.setup] Setting up zeroconf
2019-11-19 18:49:24 INFO (SyncWorker_6) [custom_components.heatmiserneo.climate] Thermostat Name: bedroom 
2019-11-19 18:49:24 INFO (SyncWorker_6) [custom_components.heatmiserneo.climate] Thermostat Away Mode: False 
2019-11-19 18:49:24 INFO (SyncWorker_6) [custom_components.heatmiserneo.climate] Thermostat Current Temp: 16.1 
2019-11-19 18:49:24 INFO (SyncWorker_6) [custom_components.heatmiserneo.climate] Thermostat Set Temp: 7.0 
2019-11-19 18:49:24 INFO (SyncWorker_6) [custom_components.heatmiserneo.climate] Thermostat Unit Of Measurement: °C 
2019-11-19 18:49:24 INFO (SyncWorker_5) [homeassistant.loader] Loaded mpd from homeassistant.components.mpd
2019-11-19 18:49:24 INFO (MainThread) [homeassistant.setup] Setup of domain group took 2.9 seconds.
2019-11-19 18:49:24 INFO (MainThread) [homeassistant.helpers.storage] Migrating onboarding storage from 1 to 3
2019-11-19 18:49:24 INFO (MainThread) [homeassistant.components.notify] Setting up notify.group
2019-11-19 18:49:24 INFO (MainThread) [homeassistant.components.notify] Setting up notify.group
2019-11-19 18:49:24 INFO (MainThread) [homeassistant.components.notify] Setting up notify.group
2019-11-19 18:49:24 INFO (SyncWorker_12) [homeassistant.loader] Loaded tautulli from homeassistant.components.tautulli
2019-11-19 18:49:24 INFO (SyncWorker_6) [custom_components.heatmiserneo.climate] Adding Thermostats: [<Entity Kitchen: off>, <Entity Office: off>, <Entity Vestibule: off>, <Entity Livingroom: off>, <Entity Bathroom: off>, <Entity Katrin: off>, <Entity bedroom: off>] 
2019-11-19 18:49:24 INFO (MainThread) [homeassistant.setup] Setup of domain cloud took 0.7 seconds.
2019-11-19 18:49:24 INFO (SyncWorker_9) [homeassistant.loader] Loaded yamaha from homeassistant.components.yamaha
2019-11-19 18:49:24 INFO (MainThread) [homeassistant.setup] Setup of domain alarm_control_panel took 2.7 seconds.
2019-11-19 18:49:24 INFO (MainThread) [homeassistant.setup] Setup of domain onboarding took 0.6 seconds.
2019-11-19 18:49:24 INFO (MainThread) [homeassistant.setup] Setup of domain timer took 4.0 seconds.
2019-11-19 18:49:24 INFO (MainThread) [homeassistant.setup] Setup of domain input_boolean took 2.7 seconds.
2019-11-19 18:49:24 INFO (MainThread) [homeassistant.setup] Setup of domain input_select took 2.7 seconds.
2019-11-19 18:49:24 INFO (MainThread) [homeassistant.setup] Setup of domain input_datetime took 2.6 seconds.
2019-11-19 18:49:24 INFO (MainThread) [homeassistant.setup] Setup of domain input_text took 2.5 seconds.
2019-11-19 18:49:24 INFO (MainThread) [homeassistant.setup] Setup of domain input_number took 2.5 seconds.
2019-11-19 18:49:24 INFO (MainThread) [homeassistant.setup] Setup of domain person took 2.8 seconds.
2019-11-19 18:49:24 INFO (MainThread) [homeassistant.setup] Setting up script
2019-11-19 18:49:24 INFO (MainThread) [homeassistant.setup] Setting up device_tracker
2019-11-19 18:49:24 INFO (MainThread) [homeassistant.setup] Setup of domain tuya took 2.6 seconds.
2019-11-19 18:49:24 INFO (MainThread) [homeassistant.setup] Setup of domain notify took 2.0 seconds.
2019-11-19 18:49:24 INFO (SyncWorker_3) [homeassistant.loader] Loaded broadlink from homeassistant.components.broadlink
2019-11-19 18:49:24 INFO (MainThread) [homeassistant.setup] Setting up lock
2019-11-19 18:49:24 INFO (MainThread) [homeassistant.setup] Setup of domain lock took 0.0 seconds.
2019-11-19 18:49:24 INFO (MainThread) [homeassistant.setup] Setting up cover
2019-11-19 18:49:24 INFO (MainThread) [homeassistant.setup] Setup of domain cover took 0.0 seconds.
2019-11-19 18:49:24 INFO (MainThread) [homeassistant.setup] Setting up fan
2019-11-19 18:49:24 INFO (MainThread) [homeassistant.setup] Setup of domain fan took 0.0 seconds.
2019-11-19 18:49:24 INFO (SyncWorker_18) [homeassistant.loader] Loaded time_date from homeassistant.components.time_date
2019-11-19 18:49:25 INFO (MainThread) [homeassistant.setup] Setting up media_player
2019-11-19 18:49:25 INFO (MainThread) [homeassistant.setup] Setup of domain tts took 1.6 seconds.
2019-11-19 18:49:25 INFO (MainThread) [homeassistant.setup] Setting up mobile_app
2019-11-19 18:49:25 INFO (MainThread) [homeassistant.setup] Setup of domain zeroconf took 1.3 seconds.
2019-11-19 18:49:25 INFO (MainThread) [homeassistant.setup] Setting up frontend
2019-11-19 18:49:25 INFO (MainThread) [homeassistant.setup] Setup of domain frontend took 0.0 seconds.
2019-11-19 18:49:25 INFO (MainThread) [homeassistant.setup] Setting up switch
2019-11-19 18:49:25 INFO (MainThread) [homeassistant.setup] Setting up kodi
2019-11-19 18:49:25 INFO (SyncWorker_0) [homeassistant.loader] Loaded aftership from homeassistant.components.aftership
2019-11-19 18:49:25 INFO (MainThread) [homeassistant.setup] Setup of domain kodi took 0.0 seconds.
2019-11-19 18:49:25 INFO (MainThread) [homeassistant.setup] Setup of domain script took 1.0 seconds.
2019-11-19 18:49:25 INFO (MainThread) [homeassistant.setup] Setting up automation
2019-11-19 18:49:25 INFO (SyncWorker_14) [mpd.base] Calling MPD connect('192.168.13.30', 6600, timeout=None)
2019-11-19 18:49:25 INFO (MainThread) [homeassistant.setup] Setting up map
2019-11-19 18:49:25 INFO (MainThread) [homeassistant.setup] Setup of domain map took 0.0 seconds.
2019-11-19 18:49:25 INFO (MainThread) [homeassistant.setup] Setting up logbook
2019-11-19 18:49:25 INFO (MainThread) [homeassistant.setup] Setup of domain logbook took 0.0 seconds.
2019-11-19 18:49:26 INFO (MainThread) [homeassistant.setup] Setting up panel_custom
2019-11-19 18:49:26 INFO (SyncWorker_18) [homeassistant.util.package] Attempting install of hacs_frontend==11
2019-11-19 18:49:26 INFO (MainThread) [homeassistant.setup] Setup of domain panel_custom took 0.0 seconds.
2019-11-19 18:49:26 INFO (MainThread) [homeassistant.setup] Setup of domain device_tracker took 1.4 seconds.
2019-11-19 18:49:26 INFO (MainThread) [homeassistant.setup] Setup of domain mobile_app took 0.9 seconds.
2019-11-19 18:49:26 INFO (MainThread) [homeassistant.setup] Setup of domain climate took 4.7 seconds.
2019-11-19 18:49:26 INFO (SyncWorker_8) [homeassistant.loader] Loaded hyperion from homeassistant.components.hyperion
2019-11-19 18:49:26 INFO (MainThread) [homeassistant.components.device_tracker] Setting up device_tracker.mobile_app
2019-11-19 18:49:26 INFO (MainThread) [homeassistant.components.device_tracker] Setting up device_tracker.mobile_app
2019-11-19 18:49:26 DEBUG (MainThread) [homeassistant.components.automation] Loaded automation automation.toilet_turn_on_lights_when_motion_detected with state True from state  storage last state <state automation.toilet_turn_on_lights_when_motion_detected=on; friendly_name=Toilet: Turn On Lights When Motion Detected, id=Toilet: Turn On Lights When Motion Detected, last_triggered=2019-11-19T18:10:19.507608+00:00 @ 2019-11-19T18:06:57.948071+00:00>
2019-11-19 18:49:26 DEBUG (MainThread) [homeassistant.components.automation] Loaded automation automation.bedroom_turn_house_off_when_button_pressed with state True from state  storage last state <state automation.bedroom_turn_house_off_when_button_pressed=on; friendly_name=Bedroom: Turn House Off When Button Pressed, id=Bedroom: Turn House Off When Button Pressed, last_triggered=2019-11-15T23:02:01.966474+00:00 @ 2019-11-19T18:06:57.942004+00:00>
2019-11-19 18:49:26 DEBUG (MainThread) [homeassistant.components.automation] Loaded automation automation.heating_turn_on_when_schedule_is_active_and_someone_arrives_home with state True from state  storage last state <state automation.heating_turn_on_when_schedule_is_active_and_someone_arrives_home=on; friendly_name=Heating: Turn on when schedule is active and Someone Arrives Home, id=Heating: Turn on when schedule is active and Someone Arrives Home, last_triggered=2019-11-19T18:07:11.241874+00:00 @ 2019-11-19T18:06:57.944750+00:00>
2019-11-19 18:49:26 DEBUG (MainThread) [homeassistant.components.automation] Loaded automation automation.toilet_stop_toilet_lights_timer_when_door_is_closed with state True from state  storage last state <state automation.toilet_stop_toilet_lights_timer_when_door_is_closed=on; friendly_name=Toilet: Stop Toilet Lights Timer When Door is Closed, id=Toilet: Stop Toilet Lights Timer When Door is Closed, last_triggered=2019-11-19T06:21:38.826045+00:00 @ 2019-11-19T18:06:57.955298+00:00>
2019-11-19 18:49:26 DEBUG (MainThread) [homeassistant.components.automation] Loaded automation automation.occupancy_turn_on_garden_lights_at_dusk with state True from state  storage last state <state automation.occupancy_turn_on_garden_lights_at_dusk=on; friendly_name=Occupancy: Turn On Garden Lights At Dusk, id=Occupancy: Turn On Garden Lights At Dusk, last_triggered=2019-11-19T17:01:29.197676+00:00 @ 2019-11-19T18:06:57.950596+00:00>
2019-11-19 18:49:26 DEBUG (MainThread) [homeassistant.components.automation] Loaded automation automation.heating_active_deactivate_heating_schedule_for_room with state True from state  storage last state <state automation.heating_active_deactivate_heating_schedule_for_room=on; friendly_name=Heating: Active/deactivate heating schedule for room, id=Heating: Active/deactivate heating schedule for room, last_triggered=2019-11-19T18:00:01.067126+00:00 @ 2019-11-19T18:06:57.953129+00:00>
2019-11-19 18:49:26 DEBUG (MainThread) [homeassistant.components.automation] Loaded automation automation.heating_turn_on_when_schedule_is_active_and_house_is_occupied with state True from state  storage last state <state automation.heating_turn_on_when_schedule_is_active_and_house_is_occupied=on; friendly_name=Heating: Turn on when schedule is active and house is occupied, id=Heating: Turn on when schedule is active and house is occupied, last_triggered=2019-11-19T16:10:06.321992+00:00 @ 2019-11-19T18:06:57.957762+00:00>
2019-11-19 18:49:26 DEBUG (MainThread) [homeassistant.components.automation] Loaded automation automation.bedroom_light_squiggleys_wardrobe_when_the_door_opens with state True from state  storage last state <state automation.bedroom_light_squiggleys_wardrobe_when_the_door_opens=on; friendly_name=Bedroom: Light Squiggleys Wardrobe When The Door Opens, id=Bedroom: Light Squiggleys Wardrobe When The Door Opens, last_triggered=2019-11-19T04:33:13.949584+00:00 @ 2019-11-19T18:06:57.960036+00:00>
2019-11-19 18:49:26 DEBUG (MainThread) [homeassistant.components.automation] Loaded automation automation.occupancy_turn_on_the_common_lights_when_someone_opens_the_front_door with state True from state  storage last state <state automation.occupancy_turn_on_the_common_lights_when_someone_opens_the_front_door=on; friendly_name=Occupancy: Turn On the Common Lights When Someone Opens the Front Door, id=Occupancy: Turn On the Common Lights When Someone Opens the Front Door, last_triggered=2019-11-19T15:22:55.774130+00:00 @ 2019-11-19T18:06:57.966416+00:00>
2019-11-19 18:49:26 DEBUG (MainThread) [homeassistant.components.automation] Loaded automation automation.bedroom_turn_on_nightlight_when_dark with state True from state  storage last state <state automation.bedroom_turn_on_nightlight_when_dark=on; friendly_name=Bedroom: Turn On Nightlight When Dark, id=Bedroom: Turn On Nightlight When Dark, last_triggered=2019-11-19T15:25:08.171458+00:00 @ 2019-11-19T18:06:57.962104+00:00>
2019-11-19 18:49:26 DEBUG (MainThread) [homeassistant.components.automation] Loaded automation automation.livingroom_toggle_input_boolean_on_off with state True from state  storage last state <state automation.livingroom_toggle_input_boolean_on_off=on; friendly_name=Livingroom: Toggle input_boolean On/Off, id=Livingroom: Toggle input_boolean On/Off, last_triggered=2019-11-17T22:38:22.226312+00:00 @ 2019-11-19T18:06:57.964446+00:00>
2019-11-19 18:49:26 DEBUG (MainThread) [homeassistant.components.automation] Loaded automation automation.mousetrap_notify_squiggley_when_a_mouse_is_caught_in_trap_one with state True from state  storage last state <state automation.mousetrap_notify_squiggley_when_a_mouse_is_caught_in_trap_one=on; friendly_name=Mousetrap: Notify Squiggley When a Mouse is Caught in Trap One, id=Mousetrap: Notify Squiggley When a Mouse is Caught in Trap One, last_triggered=2019-11-09T17:39:15.750520+00:00 @ 2019-11-19T18:06:57.972059+00:00>
2019-11-19 18:49:26 DEBUG (MainThread) [homeassistant.components.automation] Loaded automation automation.bedroom_light_wee_bears_wardrobe_when_the_door_opens with state True from state  storage last state <state automation.bedroom_light_wee_bears_wardrobe_when_the_door_opens=on; friendly_name=Bedroom: Light Wee Bears Wardrobe When The Door Opens, id=Bedroom: Light Wee Bears Wardrobe When The Door Opens, last_triggered=2019-11-19T06:12:29.643119+00:00 @ 2019-11-19T18:06:57.968031+00:00>
2019-11-19 18:49:26 DEBUG (MainThread) [homeassistant.components.automation] Loaded automation automation.slow_cooker_turn_off_slow_cooker_at_specified_time with state True from state  storage last state <state automation.slow_cooker_turn_off_slow_cooker_at_specified_time=on; friendly_name=Slow Cooker: Turn Off Slow Cooker at specified time, id=Slow Cooker: Turn Off Slow Cooker at specified time, last_triggered=2019-11-19T08:27:01.212910+00:00 @ 2019-11-19T18:06:57.970049+00:00>
2019-11-19 18:49:26 DEBUG (MainThread) [homeassistant.components.automation] Loaded automation automation.mousetrap_notify_squiggley_when_a_mouse_is_caught_in_trap_two with state True from state  storage last state <state automation.mousetrap_notify_squiggley_when_a_mouse_is_caught_in_trap_two=on; friendly_name=Mousetrap: Notify Squiggley When a Mouse is Caught in Trap Two, id=Mousetrap: Notify Squiggley When a Mouse is Caught in Trap Two, last_triggered=2019-11-09T18:11:37.532447+00:00 @ 2019-11-19T18:06:57.978329+00:00>
2019-11-19 18:49:26 DEBUG (MainThread) [homeassistant.components.automation] Loaded automation automation.livingroom_toggle_on_off with state True from state  storage last state <state automation.livingroom_toggle_on_off=on; friendly_name=Livingroom: Toggle On/Off, id=Livingroom: Toggle On/Off, last_triggered=2019-11-17T22:38:22.236341+00:00 @ 2019-11-19T18:06:57.973722+00:00>
2019-11-19 18:49:26 DEBUG (MainThread) [homeassistant.components.automation] Loaded automation automation.server_turn_off_the_server_fan_when_it_has_cooled with state True from state  storage last state <state automation.server_turn_off_the_server_fan_when_it_has_cooled=on; friendly_name=Server: Turn Off The Server Fan When It Has Cooled, id=Server: Turn Off The Server Fan When It Has Cooled, last_triggered=2019-11-19T18:43:34.150410+00:00 @ 2019-11-19T18:06:57.985224+00:00>
2019-11-19 18:49:26 DEBUG (MainThread) [homeassistant.components.automation] Loaded automation automation.rubbish_calculate_bin_reminders with state True from state  storage last state <state automation.rubbish_calculate_bin_reminders=on; friendly_name=Rubbish: Calculate Bin Reminders, id=Rubbish: Calculate Bin Reminders, last_triggered=None @ 2019-11-19T18:06:57.983178+00:00>
2019-11-19 18:49:26 DEBUG (MainThread) [homeassistant.components.automation] Automation automation.rubbish_calculate_bin_reminders initial state True overridden from config initial_state
2019-11-19 18:49:26 DEBUG (MainThread) [homeassistant.components.automation] Loaded automation automation.occupancy_turn_everything_off_when_everyone_leaves with state True from state  storage last state <state automation.occupancy_turn_everything_off_when_everyone_leaves=on; friendly_name=Occupancy: Turn Everything Off When Everyone Leaves, id=Occupancy: Turn Everything Off When Everyone Leaves, last_triggered=2019-11-19T08:14:50.481991+00:00 @ 2019-11-19T18:06:57.989063+00:00>
2019-11-19 18:49:26 DEBUG (MainThread) [homeassistant.components.automation] Loaded automation automation.notify_selected_person_with_user_inputed_message with state True from state  storage last state <state automation.notify_selected_person_with_user_inputed_message=on; friendly_name=Notify Selected Person with User Inputed Message, id=Notify Selected Person with User Inputed Message, last_triggered=2019-11-18T20:13:22.600099+00:00 @ 2019-11-19T18:06:57.980597+00:00>
2019-11-19 18:49:26 DEBUG (MainThread) [homeassistant.components.automation] Loaded automation automation.slow_cooker_turn_on_at_specified_time with state True from state  storage last state <state automation.slow_cooker_turn_on_at_specified_time=on; friendly_name=Slow Cooker: Turn On at specified time, id=Slow Cooker: Turn On at specified time, last_triggered=2019-11-19T08:26:01.226800+00:00 @ 2019-11-19T18:06:57.916271+00:00>
2019-11-19 18:49:26 DEBUG (MainThread) [homeassistant.components.automation] Loaded automation automation.heating_turn_off_when_schedule_becomes_inactive with state True from state  storage last state <state automation.heating_turn_off_when_schedule_becomes_inactive=on; friendly_name=Heating: Turn off when schedule becomes inactive, id=Heating: Turn off when schedule becomes inactive, last_triggered=2019-11-19T18:00:06.310740+00:00 @ 2019-11-19T18:06:57.921932+00:00>
2019-11-19 18:49:26 DEBUG (MainThread) [homeassistant.components.automation] Loaded automation automation.server_turn_on_fan_when_its_hot with state True from state  storage last state <state automation.server_turn_on_fan_when_its_hot=on; friendly_name=Server: Turn On Fan When Its Hot, id=Server: Turn On The Fan When Its Hot, last_triggered=2019-11-15T18:56:03.684414+00:00 @ 2019-11-19T18:06:57.919050+00:00>
2019-11-19 18:49:26 DEBUG (MainThread) [homeassistant.components.automation] Loaded automation automation.heating_turn_all_heating_off_week_day_nights with state True from state  storage last state <state automation.heating_turn_all_heating_off_week_day_nights=on; friendly_name=Heating: Turn All Heating off week day nights, id=Heating: Turn All Heating off week day nights, last_triggered=2019-11-18T22:30:01.061469+00:00 @ 2019-11-19T18:06:57.930836+00:00>
2019-11-19 18:49:26 DEBUG (MainThread) [homeassistant.components.automation] Loaded automation automation.toilet_turn_off_lights_at_end_of_timer with state True from state  storage last state <state automation.toilet_turn_off_lights_at_end_of_timer=on; friendly_name=Toilet: Turn off lights at end of timer, id=Toilet: Turn off lights at end of timer, last_triggered=2019-11-19T18:15:20.471703+00:00 @ 2019-11-19T18:06:57.924460+00:00>
2019-11-19 18:49:26 DEBUG (MainThread) [homeassistant.components.automation] Loaded automation automation.rubbish_update_bin_night_sensors with state True from state  storage last state <state automation.rubbish_update_bin_night_sensors=on; friendly_name=Rubbish: Update Bin Night Sensors, id=Rubbish: Update Bin Night Sensors, last_triggered=2019-11-19T18:07:10.906303+00:00 @ 2019-11-19T18:06:57.987370+00:00>
2019-11-19 18:49:26 DEBUG (MainThread) [homeassistant.components.automation] Loaded automation automation.heating_turn_all_heating_off_weekend_nights with state True from state  storage last state <state automation.heating_turn_all_heating_off_weekend_nights=on; friendly_name=Heating: Turn All Heating off weekend nights, id=Heating: Turn All Heating off weekend nights, last_triggered=2019-11-16T00:00:01.106142+00:00 @ 2019-11-19T18:06:57.927406+00:00>
2019-11-19 18:49:26 DEBUG (MainThread) [homeassistant.components.automation] Loaded automation automation.vestibule_turn_on_lights_when_motion_is_detected with state True from state  storage last state <state automation.vestibule_turn_on_lights_when_motion_is_detected=on; friendly_name=Vestibule: Turn On Lights When Motion Is Detected, id=Vestibule: Turn On Lights When Motion Is Detected, last_triggered=2019-11-19T18:10:16.102396+00:00 @ 2019-11-19T18:06:57.932698+00:00>
2019-11-19 18:49:26 DEBUG (MainThread) [homeassistant.components.automation] Loaded automation automation.occupancy_turn_on_lights_when_dark_and_someone_is_home with state True from state  storage last state <state automation.occupancy_turn_on_lights_when_dark_and_someone_is_home=on; friendly_name=Occupancy: Turn On Lights When Dark and Someone Is Home, id=Occupancy: Turn On Lights When Dark and Someone Is Home, last_triggered=2019-11-19T08:07:00.104601+00:00 @ 2019-11-19T18:06:57.937104+00:00>
2019-11-19 18:49:26 DEBUG (MainThread) [homeassistant.components.automation] Loaded automation automation.toilet_start_toilet_lights_timer_when_door_is_opened with state True from state  storage last state <state automation.toilet_start_toilet_lights_timer_when_door_is_opened=on; friendly_name=Toilet: Start Toilet Lights Timer When Door is Opened, id=Toilet: Start Toilet Lights Timer When Door is Opened, last_triggered=2019-11-19T06:20:21.977240+00:00 @ 2019-11-19T18:06:57.939529+00:00>
2019-11-19 18:49:26 INFO (MainThread) [homeassistant.setup] Setting up hassio
2019-11-19 18:49:26 INFO (MainThread) [homeassistant.setup] Setting up ios
2019-11-19 18:49:26 INFO (MainThread) [homeassistant.components.notify] Setting up notify.mobile_app
2019-11-19 18:49:26 INFO (MainThread) [homeassistant.setup] Setup of domain automation took 0.5 seconds.
2019-11-19 18:49:26 INFO (MainThread) [homeassistant.setup] Setup of domain ios took 0.0 seconds.
2019-11-19 18:49:26 INFO (MainThread) [homeassistant.setup] Setting up default_config
2019-11-19 18:49:26 INFO (SyncWorker_13) [homeassistant.loader] Loaded stream from homeassistant.components.stream
2019-11-19 18:49:26 INFO (MainThread) [homeassistant.components.notify] Setting up notify.ios
2019-11-19 18:49:26 INFO (MainThread) [homeassistant.setup] Setup of domain switch took 0.8 seconds.
2019-11-19 18:49:26 INFO (MainThread) [homeassistant.setup] Setup of domain hassio took 0.2 seconds.
2019-11-19 18:49:27 INFO (MainThread) [homeassistant.setup] Setup of domain ourgroceries took 5.3 seconds.
2019-11-19 18:49:27 INFO (SyncWorker_1) [xiaomi_gateway] Gateway discovery finished in 5 seconds
2019-11-19 18:49:28 INFO (SyncWorker_14) [mpd.base] Calling MPD disconnect()
2019-11-19 18:49:29 INFO (MainThread) [homeassistant.setup] Setup of domain media_player took 4.3 seconds.
2019-11-19 18:49:29 INFO (SyncWorker_5) [pychromecast] Querying device status
2019-11-19 18:49:29 INFO (SyncWorker_3) [pychromecast] Querying device status
2019-11-19 18:49:30 INFO (SyncWorker_5) [pychromecast] Querying device status
2019-11-19 18:49:31 WARNING (MainThread) [homeassistant.setup] Setup of xiaomi_aqara is taking over 10 seconds.
2019-11-19 18:49:32 INFO (SyncWorker_1) [xiaomi_gateway] Gateway discovery finished in 5 seconds
2019-11-19 18:49:36 WARNING (MainThread) [homeassistant.setup] Setup of default_config is taking over 10 seconds.
2019-11-19 18:49:36 INFO (MainThread) [homeassistant.setup] Setting up hacs
2019-11-19 18:49:36 INFO (MainThread) [hacs] 
-------------------------------------------------------------------
HACS (Home Assistant Community Store)

Version: 0.17.3
This is a custom integration
If you have any issues with this you need to open an issue here:
https://github.com/hacs/integration/issues
-------------------------------------------------------------------

2019-11-19 18:49:36 INFO (MainThread) [homeassistant.setup] Setting up stream
2019-11-19 18:49:36 INFO (MainThread) [homeassistant.setup] Setup of domain stream took 0.0 seconds.
2019-11-19 18:49:36 INFO (MainThread) [homeassistant.setup] Setup of domain default_config took 10.5 seconds.
2019-11-19 18:49:36 INFO (SyncWorker_12) [homeassistant.loader] Loaded airvisual from homeassistant.components.airvisual
2019-11-19 18:49:36 INFO (MainThread) [homeassistant.setup] Setting up sensor
2019-11-19 18:49:36 INFO (MainThread) [homeassistant.components.sensor] Setting up sensor.template
2019-11-19 18:49:36 INFO (MainThread) [homeassistant.components.sensor] Setting up sensor.template
2019-11-19 18:49:36 INFO (MainThread) [homeassistant.components.sensor] Setting up sensor.template
2019-11-19 18:49:36 INFO (MainThread) [homeassistant.components.sensor] Setting up sensor.airvisual
2019-11-19 18:49:36 INFO (MainThread) [homeassistant.components.sensor] Setting up sensor.template
2019-11-19 18:49:36 INFO (MainThread) [homeassistant.components.sensor] Setting up sensor.template
2019-11-19 18:49:36 INFO (MainThread) [homeassistant.components.sensor] Setting up sensor.template
2019-11-19 18:49:36 INFO (MainThread) [homeassistant.components.sensor] Setting up sensor.template
2019-11-19 18:49:36 INFO (MainThread) [homeassistant.components.sensor] Setting up sensor.plex
2019-11-19 18:49:36 INFO (MainThread) [homeassistant.components.sensor] Setting up sensor.template
2019-11-19 18:49:36 INFO (MainThread) [homeassistant.components.sensor] Setting up sensor.tautulli
2019-11-19 18:49:36 INFO (MainThread) [homeassistant.components.sensor] Setting up sensor.yr
2019-11-19 18:49:36 INFO (MainThread) [homeassistant.components.sensor] Setting up sensor.template
2019-11-19 18:49:36 INFO (MainThread) [homeassistant.components.sensor] Setting up sensor.template
2019-11-19 18:49:36 INFO (MainThread) [homeassistant.components.sensor] Setting up sensor.template
2019-11-19 18:49:37 INFO (MainThread) [homeassistant.components.sensor] Setting up sensor.aftership
2019-11-19 18:49:37 INFO (MainThread) [homeassistant.components.sensor] Setting up sensor.time_date
2019-11-19 18:49:37 INFO (MainThread) [homeassistant.components.sensor] Setting up sensor.template
2019-11-19 18:49:37 INFO (MainThread) [homeassistant.components.sensor] Setting up sensor.template
2019-11-19 18:49:37 INFO (MainThread) [homeassistant.components.sensor] Setting up sensor.template
2019-11-19 18:49:37 INFO (MainThread) [homeassistant.components.sensor] Setting up sensor.template
2019-11-19 18:49:37 INFO (MainThread) [homeassistant.components.sensor] Setting up sensor.mqtt
2019-11-19 18:49:37 INFO (MainThread) [homeassistant.components.sensor] Setting up sensor.template
2019-11-19 18:49:37 INFO (MainThread) [homeassistant.components.sensor] Setting up sensor.darksky
2019-11-19 18:49:37 INFO (MainThread) [homeassistant.components.sensor] Setting up sensor.template
2019-11-19 18:49:37 INFO (MainThread) [homeassistant.components.sensor] Setting up sensor.template
2019-11-19 18:49:37 INFO (MainThread) [homeassistant.components.sensor] Setting up sensor.template
2019-11-19 18:49:37 INFO (MainThread) [homeassistant.components.sensor] Setting up sensor.template
2019-11-19 18:49:37 INFO (MainThread) [homeassistant.setup] Setting up light
2019-11-19 18:49:37 DEBUG (MainThread) [homeassistant.components.mqtt] Subscribing to sensor/bed/left
2019-11-19 18:49:37 INFO (SyncWorker_1) [xiaomi_gateway] Gateway discovery finished in 5 seconds
2019-11-19 18:49:37 INFO (SyncWorker_1) [xiaomi_gateway] Xiaomi Gateway 7811dcb23f83 found at IP 192.168.13.191
2019-11-19 18:49:37 INFO (SyncWorker_1) [xiaomi_gateway] Discovering Xiaomi Devices
2019-11-19 18:49:37 INFO (SyncWorker_1) [xiaomi_gateway] Found 33 devices
2019-11-19 18:49:38 ERROR (MainThread) [homeassistant.components.sensor] aftership: Error on device update!
Traceback (most recent call last):
  File "/usr/src/homeassistant/homeassistant/helpers/entity_platform.py", line 292, in _async_add_entity
    await entity.async_device_update(warning=False)
  File "/usr/src/homeassistant/homeassistant/helpers/entity.py", line 448, in async_device_update
    await self.async_update()
  File "/usr/src/homeassistant/homeassistant/components/aftership/sensor.py", line 184, in async_update
    else track["checkpoints"][-1]
IndexError: list index out of range
2019-11-19 18:49:39 INFO (MainThread) [homeassistant.setup] Setup of domain sensor took 2.7 seconds.
2019-11-19 18:49:39 INFO (MainThread) [homeassistant.components.sensor] Setting up sensor.zwave
2019-11-19 18:49:39 INFO (MainThread) [homeassistant.components.sensor] Setting up sensor.esphome
2019-11-19 18:49:39 INFO (MainThread) [homeassistant.components.sensor] Setting up sensor.esphome
2019-11-19 18:49:39 INFO (MainThread) [homeassistant.components.sensor] Setting up sensor.esphome
2019-11-19 18:49:39 INFO (MainThread) [homeassistant.components.sensor] Setting up sensor.esphome
2019-11-19 18:49:39 INFO (MainThread) [homeassistant.components.sensor] Setting up sensor.esphome
2019-11-19 18:49:39 INFO (MainThread) [homeassistant.components.sensor] Setting up sensor.esphome
2019-11-19 18:49:39 INFO (MainThread) [homeassistant.components.sensor] Setting up sensor.esphome
2019-11-19 18:49:39 INFO (MainThread) [homeassistant.components.sensor] Setting up sensor.esphome
2019-11-19 18:49:39 INFO (MainThread) [homeassistant.components.sensor] Setting up sensor.esphome
2019-11-19 18:49:39 INFO (MainThread) [homeassistant.components.sensor] Setting up sensor.esphome
2019-11-19 18:49:39 INFO (MainThread) [homeassistant.components.sensor] Setting up sensor.esphome
2019-11-19 18:49:39 INFO (MainThread) [homeassistant.components.sensor] Setting up sensor.plex
2019-11-19 18:49:39 INFO (MainThread) [homeassistant.components.sensor] Setting up sensor.mobile_app
2019-11-19 18:49:39 INFO (MainThread) [homeassistant.components.sensor] Setting up sensor.mobile_app
2019-11-19 18:49:39 INFO (MainThread) [homeassistant.components.sensor] Setting up sensor.ios
2019-11-19 18:49:39 INFO (MainThread) [homeassistant.components.sensor] Setting up sensor.ourgroceries
2019-11-19 18:49:40 INFO (MainThread) [hacs.repository.integration.hacs.integration] Registration complete
2019-11-19 18:49:40 INFO (MainThread) [homeassistant.setup] Setup of domain light took 3.1 seconds.
2019-11-19 18:49:40 INFO (MainThread) [hacs.data] Restore started
2019-11-19 18:49:41 INFO (MainThread) [hacs.data] Restore done
2019-11-19 18:49:41 INFO (MainThread) [homeassistant.setup] Setup of domain hacs took 4.6 seconds.
2019-11-19 18:49:41 INFO (MainThread) [homeassistant.components.sensor] Setting up sensor.hacs
2019-11-19 18:49:42 INFO (SyncWorker_1) [xiaomi_gateway] Gateway discovery finished in 5 seconds
2019-11-19 18:49:42 INFO (SyncWorker_1) [xiaomi_gateway] Creating Multicast Socket
2019-11-19 18:49:42 INFO (MainThread) [homeassistant.setup] Setup of domain xiaomi_aqara took 21.1 seconds.
2019-11-19 18:49:42 INFO (MainThread) [homeassistant.components.sensor] Setting up sensor.xiaomi_aqara
2019-11-19 18:49:42 INFO (MainThread) [homeassistant.bootstrap] Home Assistant initialized in 23.09s
2019-11-19 18:49:42 INFO (MainThread) [homeassistant.core] Starting Home Assistant
2019-11-19 18:49:42 INFO (SyncWorker_5) [openzwave] Start Openzwave network.
2019-11-19 18:49:42 INFO (MainThread) [homeassistant.components.automation] Initialized trigger Toilet: Turn On Lights When Motion Detected
2019-11-19 18:49:42 INFO (MainThread) [homeassistant.components.automation] Initialized trigger Bedroom: Turn House Off When Button Pressed
2019-11-19 18:49:42 INFO (MainThread) [homeassistant.components.automation] Initialized trigger Heating: Turn on when schedule is active and Someone Arrives Home
2019-11-19 18:49:42 INFO (MainThread) [homeassistant.components.automation] Initialized trigger Toilet: Stop Toilet Lights Timer When Door is Closed
2019-11-19 18:49:42 INFO (MainThread) [homeassistant.components.automation] Initialized trigger Occupancy: Turn On Garden Lights At Dusk
2019-11-19 18:49:42 INFO (MainThread) [homeassistant.components.automation] Initialized trigger Heating: Active/deactivate heating schedule for room
2019-11-19 18:49:42 INFO (MainThread) [homeassistant.components.automation] Initialized trigger Heating: Turn on when schedule is active and house is occupied
2019-11-19 18:49:42 INFO (MainThread) [homeassistant.components.automation] Initialized trigger Bedroom: Light Squiggleys Wardrobe When The Door Opens
2019-11-19 18:49:42 INFO (MainThread) [homeassistant.components.automation] Initialized trigger Occupancy: Turn On the Common Lights When Someone Opens the Front Door
2019-11-19 18:49:42 INFO (MainThread) [homeassistant.components.automation] Initialized trigger Bedroom: Turn On Nightlight When Dark
2019-11-19 18:49:42 INFO (MainThread) [homeassistant.components.automation] Initialized trigger Bedroom: Turn On Nightlight When Dark
2019-11-19 18:49:42 INFO (MainThread) [homeassistant.components.automation] Initialized trigger Livingroom: Toggle input_boolean On/Off
2019-11-19 18:49:42 INFO (MainThread) [homeassistant.components.automation] Initialized trigger Mousetrap: Notify Squiggley When a Mouse is Caught in Trap One
2019-11-19 18:49:42 INFO (MainThread) [homeassistant.components.automation] Initialized trigger Bedroom: Light Wee Bears Wardrobe When The Door Opens
2019-11-19 18:49:42 INFO (MainThread) [homeassistant.components.automation] Initialized trigger Bedroom: Light Wee Bears Wardrobe When The Door Opens
2019-11-19 18:49:42 INFO (MainThread) [homeassistant.components.automation] Initialized trigger Slow Cooker: Turn Off Slow Cooker at specified time
2019-11-19 18:49:42 INFO (MainThread) [homeassistant.components.automation] Initialized trigger Mousetrap: Notify Squiggley When a Mouse is Caught in Trap Two
2019-11-19 18:49:42 INFO (MainThread) [homeassistant.components.automation] Initialized trigger Livingroom: Toggle On/Off
2019-11-19 18:49:42 INFO (MainThread) [homeassistant.components.automation] Initialized trigger Server: Turn Off The Server Fan When It Has Cooled
2019-11-19 18:49:42 INFO (MainThread) [homeassistant.components.automation] Initialized trigger Rubbish: Calculate Bin Reminders
2019-11-19 18:49:42 INFO (MainThread) [homeassistant.components.automation] Initialized trigger Occupancy: Turn Everything Off When Everyone Leaves
2019-11-19 18:49:42 INFO (MainThread) [homeassistant.components.automation] Initialized trigger Notify Selected Person with User Inputed Message
2019-11-19 18:49:42 INFO (MainThread) [homeassistant.components.automation] Initialized trigger Slow Cooker: Turn On at specified time
2019-11-19 18:49:42 INFO (MainThread) [homeassistant.components.automation] Initialized trigger Heating: Turn off when schedule becomes inactive
2019-11-19 18:49:42 INFO (MainThread) [homeassistant.components.automation] Initialized trigger Server: Turn On Fan When Its Hot
2019-11-19 18:49:42 INFO (MainThread) [homeassistant.components.automation] Initialized trigger Heating: Turn All Heating off week day nights
2019-11-19 18:49:42 INFO (MainThread) [homeassistant.components.automation] Initialized trigger Toilet: Turn off lights at end of timer
2019-11-19 18:49:42 INFO (MainThread) [homeassistant.components.automation] Initialized trigger Rubbish: Update Bin Night Sensors
2019-11-19 18:49:42 INFO (MainThread) [homeassistant.components.automation] Initialized trigger Rubbish: Update Bin Night Sensors
2019-11-19 18:49:42 INFO (MainThread) [homeassistant.components.automation] Initialized trigger Heating: Turn All Heating off weekend nights
2019-11-19 18:49:42 INFO (MainThread) [homeassistant.components.automation] Initialized trigger Vestibule: Turn On Lights When Motion Is Detected
2019-11-19 18:49:42 INFO (MainThread) [homeassistant.components.automation] Initialized trigger Occupancy: Turn On Lights When Dark and Someone Is Home
2019-11-19 18:49:42 INFO (MainThread) [homeassistant.components.automation] Initialized trigger Toilet: Start Toilet Lights Timer When Door is Opened
2019-11-19 18:49:42 INFO (Dummy-7) [openzwave] Driver ready using library Static Controller version Z-Wave 3.95
2019-11-19 18:49:42 INFO (Dummy-7) [openzwave] home_id 0xc21877c9, controller node id is 1
2019-11-19 18:49:43 INFO (MainThread) [homeassistant.core] Timer:starting
2019-11-19 18:49:43 INFO (MainThread) [homeassistant.components.automation] Executing Rubbish: Update Bin Night Sensors
2019-11-19 18:49:43 INFO (MainThread) [homeassistant.helpers.script] Script Rubbish: Update Bin Night Sensors: Running script
2019-11-19 18:49:43 INFO (MainThread) [homeassistant.helpers.script] Script Rubbish: Update Bin Night Sensors: Executing step call service
2019-11-19 18:49:43 INFO (MainThread) [homeassistant.components.automation] Executing Heating: Turn on when schedule is active and Someone Arrives Home
2019-11-19 18:49:43 INFO (MainThread) [homeassistant.helpers.script] Script Heating: Turn on when schedule is active and Someone Arrives Home: Running script
2019-11-19 18:49:43 INFO (MainThread) [homeassistant.helpers.script] Script Heating: Turn on when schedule is active and Someone Arrives Home: Executing step call service
2019-11-19 18:49:44 INFO (SyncWorker_18) [mpd.base] Calling MPD connect('192.168.13.30', 6600, timeout=None)
2019-11-19 18:49:44 INFO (MainThread) [hacs] Loading known repositories
2019-11-19 18:49:45 INFO (SyncWorker_19) [homeassistant.loader] Loaded solarlog from homeassistant.components.solarlog
2019-11-19 18:49:45 INFO (SyncWorker_15) [homeassistant.loader] Loaded sonos from homeassistant.components.sonos
2019-11-19 18:49:45 INFO (SyncWorker_6) [homeassistant.loader] Loaded dialogflow from homeassistant.components.dialogflow
2019-11-19 18:49:45 INFO (SyncWorker_13) [homeassistant.loader] Loaded hue from homeassistant.components.hue
2019-11-19 18:49:45 INFO (SyncWorker_7) [homeassistant.loader] Loaded wemo from homeassistant.components.wemo
2019-11-19 18:49:45 INFO (SyncWorker_14) [homeassistant.loader] Loaded zha from homeassistant.components.zha
2019-11-19 18:49:45 INFO (SyncWorker_12) [homeassistant.loader] Loaded ipma from homeassistant.components.ipma
2019-11-19 18:49:46 INFO (SyncWorker_15) [homeassistant.loader] Loaded emulated_roku from homeassistant.components.emulated_roku
2019-11-19 18:49:46 INFO (SyncWorker_19) [homeassistant.loader] Loaded solaredge from homeassistant.components.solaredge
2019-11-19 18:49:46 INFO (SyncWorker_16) [homeassistant.loader] Loaded tradfri from homeassistant.components.tradfri
2019-11-19 18:49:46 INFO (SyncWorker_3) [homeassistant.loader] Loaded twentemilieu from homeassistant.components.twentemilieu
2019-11-19 18:49:46 INFO (SyncWorker_12) [homeassistant.loader] Loaded opentherm_gw from homeassistant.components.opentherm_gw
2019-11-19 18:49:46 INFO (SyncWorker_4) [homeassistant.loader] Loaded gpslogger from homeassistant.components.gpslogger
2019-11-19 18:49:46 INFO (SyncWorker_6) [homeassistant.loader] Loaded coolmaster from homeassistant.components.coolmaster
2019-11-19 18:49:46 INFO (SyncWorker_10) [homeassistant.loader] Loaded logi_circle from homeassistant.components.logi_circle
2019-11-19 18:49:46 INFO (SyncWorker_19) [homeassistant.loader] Loaded airly from homeassistant.components.airly
2019-11-19 18:49:46 INFO (SyncWorker_5) [homeassistant.loader] Loaded tellduslive from homeassistant.components.tellduslive
2019-11-19 18:49:46 INFO (SyncWorker_16) [homeassistant.loader] Loaded plaato from homeassistant.components.plaato
2019-11-19 18:49:46 INFO (SyncWorker_3) [homeassistant.loader] Loaded neato from homeassistant.components.neato
2019-11-19 18:49:46 INFO (SyncWorker_12) [homeassistant.loader] Loaded ecobee from homeassistant.components.ecobee
2019-11-19 18:49:46 INFO (SyncWorker_4) [homeassistant.loader] Loaded ps4 from homeassistant.components.ps4
2019-11-19 18:49:46 INFO (SyncWorker_6) [homeassistant.loader] Loaded transmission from homeassistant.components.transmission
2019-11-19 18:49:46 INFO (SyncWorker_10) [homeassistant.loader] Loaded velbus from homeassistant.components.velbus
2019-11-19 18:49:46 INFO (SyncWorker_19) [homeassistant.loader] Loaded point from homeassistant.components.point
2019-11-19 18:49:46 INFO (SyncWorker_14) [homeassistant.loader] Loaded glances from homeassistant.components.glances
2019-11-19 18:49:46 INFO (SyncWorker_16) [homeassistant.loader] Loaded geonetnz_quakes from homeassistant.components.geonetnz_quakes
2019-11-19 18:49:46 INFO (SyncWorker_3) [homeassistant.loader] Loaded heos from homeassistant.components.heos
2019-11-19 18:49:46 INFO (SyncWorker_12) [homeassistant.loader] Loaded linky from homeassistant.components.linky
2019-11-19 18:49:46 INFO (SyncWorker_4) [homeassistant.loader] Loaded homematicip_cloud from homeassistant.components.homematicip_cloud
2019-11-19 18:49:46 INFO (SyncWorker_6) [homeassistant.loader] Loaded izone from homeassistant.components.izone
2019-11-19 18:49:46 INFO (SyncWorker_10) [homeassistant.loader] Loaded wwlln from homeassistant.components.wwlln
2019-11-19 18:49:46 INFO (SyncWorker_19) [homeassistant.loader] Loaded geofency from homeassistant.components.geofency
2019-11-19 18:49:46 INFO (SyncWorker_14) [homeassistant.loader] Loaded deconz from homeassistant.components.deconz
2019-11-19 18:49:46 INFO (SyncWorker_16) [homeassistant.loader] Loaded iaqualink from homeassistant.components.iaqualink
2019-11-19 18:49:46 INFO (SyncWorker_3) [homeassistant.loader] Loaded locative from homeassistant.components.locative
2019-11-19 18:49:46 INFO (SyncWorker_12) [homeassistant.loader] Loaded adguard from homeassistant.components.adguard
2019-11-19 18:49:46 INFO (SyncWorker_4) [homeassistant.loader] Loaded unifi from homeassistant.components.unifi
2019-11-19 18:49:46 INFO (SyncWorker_6) [homeassistant.loader] Loaded simplisafe from homeassistant.components.simplisafe
2019-11-19 18:49:46 INFO (SyncWorker_10) [homeassistant.loader] Loaded twilio from homeassistant.components.twilio
2019-11-19 18:49:46 INFO (SyncWorker_19) [homeassistant.loader] Loaded mailgun from homeassistant.components.mailgun
2019-11-19 18:49:46 INFO (SyncWorker_14) [homeassistant.loader] Loaded vesync from homeassistant.components.vesync
2019-11-19 18:49:46 INFO (SyncWorker_16) [homeassistant.loader] Loaded traccar from homeassistant.components.traccar
2019-11-19 18:49:46 INFO (SyncWorker_3) [homeassistant.loader] Loaded toon from homeassistant.components.toon
2019-11-19 18:49:46 INFO (SyncWorker_12) [homeassistant.loader] Loaded lifx from homeassistant.components.lifx
2019-11-19 18:49:46 INFO (SyncWorker_4) [homeassistant.loader] Loaded rainmachine from homeassistant.components.rainmachine
2019-11-19 18:49:46 INFO (SyncWorker_6) [homeassistant.loader] Loaded openuv from homeassistant.components.openuv
2019-11-19 18:49:46 INFO (SyncWorker_10) [homeassistant.loader] Loaded ambiclimate from homeassistant.components.ambiclimate
2019-11-19 18:49:46 INFO (SyncWorker_19) [homeassistant.loader] Loaded iqvia from homeassistant.components.iqvia
2019-11-19 18:49:46 INFO (SyncWorker_14) [homeassistant.loader] Loaded upnp from homeassistant.components.upnp
2019-11-19 18:49:46 INFO (SyncWorker_16) [homeassistant.loader] Loaded smhi from homeassistant.components.smhi
2019-11-19 18:49:46 INFO (SyncWorker_3) [homeassistant.loader] Loaded met from homeassistant.components.met
2019-11-19 18:49:46 INFO (SyncWorker_12) [homeassistant.loader] Loaded notion from homeassistant.components.notion
2019-11-19 18:49:46 INFO (SyncWorker_4) [homeassistant.loader] Loaded hangouts from homeassistant.components.hangouts
2019-11-19 18:49:46 INFO (SyncWorker_6) [homeassistant.loader] Loaded ambient_station from homeassistant.components.ambient_station
2019-11-19 18:49:46 INFO (SyncWorker_10) [homeassistant.loader] Loaded withings from homeassistant.components.withings
2019-11-19 18:49:46 INFO (SyncWorker_16) [homeassistant.loader] Loaded smartthings from homeassistant.components.smartthings
2019-11-19 18:49:46 INFO (SyncWorker_3) [homeassistant.loader] Loaded soma from homeassistant.components.soma
2019-11-19 18:49:46 INFO (SyncWorker_12) [homeassistant.loader] Loaded cert_expiry from homeassistant.components.cert_expiry
2019-11-19 18:49:46 INFO (SyncWorker_4) [homeassistant.loader] Loaded axis from homeassistant.components.axis
2019-11-19 18:49:46 INFO (SyncWorker_11) [homeassistant.loader] Loaded life360 from homeassistant.components.life360
2019-11-19 18:49:46 INFO (SyncWorker_7) [homeassistant.loader] Loaded abode from homeassistant.components.abode
2019-11-19 18:49:46 INFO (SyncWorker_3) [homeassistant.loader] Loaded somfy from homeassistant.components.somfy
2019-11-19 18:49:46 INFO (SyncWorker_15) [homeassistant.loader] Loaded owntracks from homeassistant.components.owntracks
2019-11-19 18:49:46 INFO (SyncWorker_16) [homeassistant.loader] Loaded homekit_controller from homeassistant.components.homekit_controller
2019-11-19 18:49:46 INFO (SyncWorker_12) [homeassistant.loader] Loaded daikin from homeassistant.components.daikin
2019-11-19 18:49:46 INFO (SyncWorker_6) [homeassistant.loader] Loaded ifttt from homeassistant.components.ifttt
2019-11-19 18:49:46 INFO (SyncWorker_3) [homeassistant.loader] Loaded luftdaten from homeassistant.components.luftdaten
2019-11-19 18:49:46 INFO (MainThread) [hass_nabucasa.iot] Connected
2019-11-19 18:49:47 INFO (SyncWorker_18) [mpd.base] Calling MPD disconnect()
2019-11-19 18:49:48 INFO (MainThread) [snitun.utils.aiohttp_client] AioHTTP snitun client started on 127.0.0.1:56279
2019-11-19 18:49:50 INFO (MainThread) [snitun.utils.aiohttp_client] AioHTTP snitun client connected to: eu-central-1.ui.nabu.casa:443
2019-11-19 18:49:54 INFO (SyncWorker_5) [mpd.base] Calling MPD connect('192.168.13.30', 6600, timeout=None)
2019-11-19 18:49:57 INFO (SyncWorker_5) [mpd.base] Calling MPD disconnect()
2019-11-19 18:50:05 INFO (SyncWorker_16) [mpd.base] Calling MPD connect('192.168.13.30', 6600, timeout=None)
2019-11-19 18:50:08 INFO (SyncWorker_16) [mpd.base] Calling MPD disconnect()
2019-11-19 18:50:16 INFO (SyncWorker_17) [mpd.base] Calling MPD connect('192.168.13.30', 6600, timeout=None)
2019-11-19 18:50:19 INFO (SyncWorker_17) [mpd.base] Calling MPD disconnect()
2019-11-19 18:50:27 INFO (SyncWorker_9) [mpd.base] Calling MPD connect('192.168.13.30', 6600, timeout=None)
2019-11-19 18:50:30 INFO (SyncWorker_9) [mpd.base] Calling MPD disconnect()
2019-11-19 18:50:38 INFO (SyncWorker_6) [mpd.base] Calling MPD connect('192.168.13.30', 6600, timeout=None)
2019-11-19 18:50:41 INFO (SyncWorker_6) [mpd.base] Calling MPD disconnect()
2019-11-19 18:50:49 INFO (SyncWorker_2) [mpd.base] Calling MPD connect('192.168.13.30', 6600, timeout=None)
2019-11-19 18:50:52 INFO (SyncWorker_2) [mpd.base] Calling MPD disconnect()
2019-11-19 18:51:00 INFO (SyncWorker_7) [mpd.base] Calling MPD connect('192.168.13.30', 6600, timeout=None)
2019-11-19 18:51:03 INFO (SyncWorker_7) [mpd.base] Calling MPD disconnect()
2019-11-19 18:51:11 INFO (SyncWorker_14) [mpd.base] Calling MPD connect('192.168.13.30', 6600, timeout=None)
2019-11-19 18:51:14 INFO (SyncWorker_14) [mpd.base] Calling MPD disconnect()
2019-11-19 18:51:22 INFO (SyncWorker_17) [mpd.base] Calling MPD connect('192.168.13.30', 6600, timeout=None)
2019-11-19 18:51:25 INFO (MainThread) [hacs] Running set_state for PiotrMachowski/Home-Assistant-custom-components-Antistorm
2019-11-19 18:51:25 INFO (MainThread) [hacs] Running update for PiotrMachowski/Home-Assistant-custom-components-Antistorm
2019-11-19 18:51:25 INFO (SyncWorker_17) [mpd.base] Calling MPD disconnect()
2019-11-19 18:51:33 INFO (SyncWorker_10) [mpd.base] Calling MPD connect('192.168.13.30', 6600, timeout=None)
2019-11-19 18:51:36 INFO (SyncWorker_10) [mpd.base] Calling MPD disconnect()
2019-11-19 18:51:44 INFO (SyncWorker_3) [mpd.base] Calling MPD connect('192.168.13.30', 6600, timeout=None)
2019-11-19 18:51:47 INFO (SyncWorker_3) [mpd.base] Calling MPD disconnect()
2019-11-19 18:51:55 INFO (SyncWorker_0) [mpd.base] Calling MPD connect('192.168.13.30', 6600, timeout=None)
2019-11-19 18:51:58 INFO (SyncWorker_0) [mpd.base] Calling MPD disconnect()
2019-11-19 18:52:06 INFO (SyncWorker_7) [mpd.base] Calling MPD connect('192.168.13.30', 6600, timeout=None)
2019-11-19 18:52:09 INFO (SyncWorker_7) [mpd.base] Calling MPD disconnect()
2019-11-19 18:52:17 INFO (SyncWorker_7) [mpd.base] Calling MPD connect('192.168.13.30', 6600, timeout=None)
2019-11-19 18:52:20 INFO (SyncWorker_7) [mpd.base] Calling MPD disconnect()
2019-11-19 18:52:22 INFO (MainThread) [hacs] Running set_state for gieljnssns/buienalarm-sensor-homeassistant
2019-11-19 18:52:22 INFO (MainThread) [hacs] Running update for gieljnssns/buienalarm-sensor-homeassistant
2019-11-19 18:52:28 INFO (SyncWorker_19) [mpd.base] Calling MPD connect('192.168.13.30', 6600, timeout=None)
2019-11-19 18:52:31 INFO (SyncWorker_19) [mpd.base] Calling MPD disconnect()
2019-11-19 18:52:39 INFO (SyncWorker_9) [mpd.base] Calling MPD connect('192.168.13.30', 6600, timeout=None)
2019-11-19 18:52:42 INFO (SyncWorker_9) [mpd.base] Calling MPD disconnect()
2019-11-19 18:52:50 INFO (SyncWorker_19) [mpd.base] Calling MPD connect('192.168.13.30', 6600, timeout=None)
2019-11-19 18:52:53 INFO (SyncWorker_19) [mpd.base] Calling MPD disconnect()
2019-11-19 18:53:01 INFO (SyncWorker_3) [mpd.base] Calling MPD connect('192.168.13.30', 6600, timeout=None)
2019-11-19 18:53:04 INFO (SyncWorker_3) [mpd.base] Calling MPD disconnect()
2019-11-19 18:53:12 INFO (SyncWorker_6) [mpd.base] Calling MPD connect('192.168.13.30', 6600, timeout=None)
2019-11-19 18:53:15 INFO (SyncWorker_6) [mpd.base] Calling MPD disconnect()
2019-11-19 18:53:23 INFO (SyncWorker_18) [mpd.base] Calling MPD connect('192.168.13.30', 6600, timeout=None)
2019-11-19 18:53:26 INFO (SyncWorker_18) [mpd.base] Calling MPD disconnect()
2019-11-19 18:53:34 INFO (SyncWorker_14) [mpd.base] Calling MPD connect('192.168.13.30', 6600, timeout=None)
2019-11-19 18:53:37 INFO (SyncWorker_14) [mpd.base] Calling MPD disconnect()
2019-11-19 18:53:44 INFO (SyncWorker_7) [mpd.base] Calling MPD connect('192.168.13.30', 6600, timeout=None)
2019-11-19 18:53:47 INFO (SyncWorker_7) [mpd.base] Calling MPD disconnect()
2019-11-19 18:53:55 INFO (SyncWorker_3) [mpd.base] Calling MPD connect('192.168.13.30', 6600, timeout=None)
2019-11-19 18:53:58 INFO (SyncWorker_3) [mpd.base] Calling MPD disconnect()
2019-11-19 18:54:06 INFO (SyncWorker_17) [mpd.base] Calling MPD connect('192.168.13.30', 6600, timeout=None)
2019-11-19 18:54:09 INFO (SyncWorker_17) [mpd.base] Calling MPD disconnect()
2019-11-19 18:54:17 INFO (SyncWorker_14) [mpd.base] Calling MPD connect('192.168.13.30', 6600, timeout=None)
2019-11-19 18:54:20 INFO (SyncWorker_14) [mpd.base] Calling MPD disconnect()
2019-11-19 18:54:28 INFO (SyncWorker_10) [mpd.base] Calling MPD connect('192.168.13.30', 6600, timeout=None)
2019-11-19 18:54:31 INFO (SyncWorker_10) [mpd.base] Calling MPD disconnect()
2019-11-19 18:54:39 INFO (SyncWorker_14) [mpd.base] Calling MPD connect('192.168.13.30', 6600, timeout=None)
2019-11-19 18:54:42 INFO (SyncWorker_14) [mpd.base] Calling MPD disconnect()
2019-11-19 18:54:50 INFO (SyncWorker_1) [mpd.base] Calling MPD connect('192.168.13.30', 6600, timeout=None)
2019-11-19 18:54:53 INFO (SyncWorker_1) [mpd.base] Calling MPD disconnect()
2019-11-19 18:55:01 INFO (SyncWorker_0) [mpd.base] Calling MPD connect('192.168.13.30', 6600, timeout=None)
2019-11-19 18:55:04 INFO (SyncWorker_0) [mpd.base] Calling MPD disconnect()
2019-11-19 18:55:12 INFO (SyncWorker_15) [mpd.base] Calling MPD connect('192.168.13.30', 6600, timeout=None)
2019-11-19 18:55:15 INFO (SyncWorker_15) [mpd.base] Calling MPD disconnect()
2019-11-19 18:55:23 INFO (SyncWorker_17) [mpd.base] Calling MPD connect('192.168.13.30', 6600, timeout=None)
2019-11-19 18:55:26 INFO (SyncWorker_17) [mpd.base] Calling MPD disconnect()
2019-11-19 18:55:34 INFO (SyncWorker_6) [mpd.base] Calling MPD connect('192.168.13.30', 6600, timeout=None)
2019-11-19 18:55:37 INFO (SyncWorker_6) [mpd.base] Calling MPD disconnect()
2019-11-19 18:55:45 INFO (SyncWorker_0) [mpd.base] Calling MPD connect('192.168.13.30', 6600, timeout=None)
2019-11-19 18:55:48 INFO (SyncWorker_0) [mpd.base] Calling MPD disconnect()
2019-11-19 18:55:56 INFO (SyncWorker_10) [mpd.base] Calling MPD connect('192.168.13.30', 6600, timeout=None)
2019-11-19 18:55:59 INFO (SyncWorker_10) [mpd.base] Calling MPD disconnect()
2019-11-19 18:56:07 INFO (SyncWorker_10) [mpd.base] Calling MPD connect('192.168.13.30', 6600, timeout=None)
2019-11-19 18:56:10 INFO (SyncWorker_10) [mpd.base] Calling MPD disconnect()
2019-11-19 18:56:12 INFO (MainThread) [hacs] Running set_state for bruxy70/Garbage-Collection
2019-11-19 18:56:12 INFO (MainThread) [hacs] Running update for bruxy70/Garbage-Collection
2019-11-19 18:56:18 INFO (SyncWorker_3) [mpd.base] Calling MPD connect('192.168.13.30', 6600, timeout=None)
2019-11-19 18:56:21 INFO (SyncWorker_3) [mpd.base] Calling MPD disconnect()
2019-11-19 18:56:29 INFO (SyncWorker_4) [mpd.base] Calling MPD connect('192.168.13.30', 6600, timeout=None)
2019-11-19 18:56:32 INFO (SyncWorker_4) [mpd.base] Calling MPD disconnect()
2019-11-19 18:56:40 INFO (SyncWorker_4) [mpd.base] Calling MPD connect('192.168.13.30', 6600, timeout=None)
2019-11-19 18:56:43 INFO (SyncWorker_4) [mpd.base] Calling MPD disconnect()
2019-11-19 18:56:51 INFO (SyncWorker_2) [mpd.base] Calling MPD connect('192.168.13.30', 6600, timeout=None)
2019-11-19 18:56:54 INFO (SyncWorker_2) [mpd.base] Calling MPD disconnect()
2019-11-19 18:57:01 INFO (SyncWorker_1) [mpd.base] Calling MPD connect('192.168.13.30', 6600, timeout=None)
2019-11-19 18:57:04 INFO (SyncWorker_1) [mpd.base] Calling MPD disconnect()
2019-11-19 18:57:12 INFO (SyncWorker_17) [mpd.base] Calling MPD connect('192.168.13.30', 6600, timeout=None)
2019-11-19 18:57:15 INFO (SyncWorker_17) [mpd.base] Calling MPD disconnect()
2019-11-19 18:57:23 INFO (SyncWorker_18) [mpd.base] Calling MPD connect('192.168.13.30', 6600, timeout=None)
2019-11-19 18:57:26 INFO (SyncWorker_18) [mpd.base] Calling MPD disconnect()
2019-11-19 18:57:34 INFO (SyncWorker_15) [mpd.base] Calling MPD connect('192.168.13.30', 6600, timeout=None)
2019-11-19 18:57:37 INFO (SyncWorker_15) [mpd.base] Calling MPD disconnect()
2019-11-19 18:57:45 INFO (SyncWorker_10) [mpd.base] Calling MPD connect('192.168.13.30', 6600, timeout=None)
2019-11-19 18:57:48 INFO (SyncWorker_10) [mpd.base] Calling MPD disconnect()
2019-11-19 18:57:56 INFO (SyncWorker_12) [mpd.base] Calling MPD connect('192.168.13.30', 6600, timeout=None)
2019-11-19 18:57:59 INFO (SyncWorker_12) [mpd.base] Calling MPD disconnect()
2019-11-19 18:58:07 INFO (SyncWorker_11) [mpd.base] Calling MPD connect('192.168.13.30', 6600, timeout=None)
2019-11-19 18:58:10 INFO (SyncWorker_11) [mpd.base] Calling MPD disconnect()
2019-11-19 18:58:18 INFO (SyncWorker_3) [mpd.base] Calling MPD connect('192.168.13.30', 6600, timeout=None)
2019-11-19 18:58:21 INFO (SyncWorker_3) [mpd.base] Calling MPD disconnect()
2019-11-19 18:58:29 INFO (SyncWorker_15) [mpd.base] Calling MPD connect('192.168.13.30', 6600, timeout=None)
2019-11-19 18:58:32 INFO (SyncWorker_15) [mpd.base] Calling MPD disconnect()
2019-11-19 18:58:40 INFO (SyncWorker_0) [mpd.base] Calling MPD connect('192.168.13.30', 6600, timeout=None)
2019-11-19 18:58:43 INFO (SyncWorker_0) [mpd.base] Calling MPD disconnect()
2019-11-19 18:58:51 INFO (SyncWorker_1) [mpd.base] Calling MPD connect('192.168.13.30', 6600, timeout=None)
2019-11-19 18:58:54 INFO (SyncWorker_1) [mpd.base] Calling MPD disconnect()
2019-11-19 18:59:02 INFO (SyncWorker_0) [mpd.base] Calling MPD connect('192.168.13.30', 6600, timeout=None)
2019-11-19 18:59:05 INFO (SyncWorker_0) [mpd.base] Calling MPD disconnect()
2019-11-19 18:59:13 INFO (SyncWorker_5) [mpd.base] Calling MPD connect('192.168.13.30', 6600, timeout=None)
2019-11-19 18:59:16 INFO (SyncWorker_5) [mpd.base] Calling MPD disconnect()
2019-11-19 18:59:24 INFO (SyncWorker_11) [mpd.base] Calling MPD connect('192.168.13.30', 6600, timeout=None)
2019-11-19 18:59:27 INFO (SyncWorker_11) [mpd.base] Calling MPD disconnect()
2019-11-19 18:59:35 INFO (SyncWorker_2) [mpd.base] Calling MPD connect('192.168.13.30', 6600, timeout=None)
2019-11-19 18:59:38 INFO (SyncWorker_2) [mpd.base] Calling MPD disconnect()
2019-11-19 18:59:46 INFO (SyncWorker_18) [mpd.base] Calling MPD connect('192.168.13.30', 6600, timeout=None)
2019-11-19 18:59:49 INFO (SyncWorker_18) [mpd.base] Calling MPD disconnect()
2019-11-19 18:59:57 INFO (SyncWorker_12) [mpd.base] Calling MPD connect('192.168.13.30', 6600, timeout=None)
2019-11-19 19:00:00 INFO (MainThread) [homeassistant.components.automation] Executing Rubbish: Update Bin Night Sensors
2019-11-19 19:00:00 INFO (MainThread) [homeassistant.helpers.script] Script Rubbish: Update Bin Night Sensors: Running script
2019-11-19 19:00:00 INFO (MainThread) [homeassistant.helpers.script] Script Rubbish: Update Bin Night Sensors: Executing step call service
2019-11-19 19:00:00 INFO (SyncWorker_12) [mpd.base] Calling MPD disconnect()
2019-11-19 19:00:08 INFO (SyncWorker_4) [mpd.base] Calling MPD connect('192.168.13.30', 6600, timeout=None)
2019-11-19 19:00:11 INFO (SyncWorker_4) [mpd.base] Calling MPD disconnect()
2019-11-19 19:00:19 INFO (SyncWorker_12) [mpd.base] Calling MPD connect('192.168.13.30', 6600, timeout=None)
2019-11-19 19:00:22 INFO (SyncWorker_12) [mpd.base] Calling MPD disconnect()
2019-11-19 19:00:30 INFO (SyncWorker_4) [mpd.base] Calling MPD connect('192.168.13.30', 6600, timeout=None)
2019-11-19 19:00:33 INFO (SyncWorker_4) [mpd.base] Calling MPD disconnect()
2019-11-19 19:00:41 INFO (SyncWorker_9) [mpd.base] Calling MPD connect('192.168.13.30', 6600, timeout=None)
2019-11-19 19:00:44 INFO (SyncWorker_9) [mpd.base] Calling MPD disconnect()
2019-11-19 19:00:52 INFO (SyncWorker_18) [mpd.base] Calling MPD connect('192.168.13.30', 6600, timeout=None)
